<?xml version="1.0" encoding="UTF-8" ?><beans xmlns="http://www.springframework.org/schema/beans"	xmlns:context="http://www.springframework.org/schema/context"	xmlns:xsi="http://www.w3.org/2001/XMLSchema-instance" xmlns:oxm="http://www.springframework.org/schema/oxm"	xsi:schemaLocation="http://www.springframework.org/schema/beans http://www.springframework.org/schema/beans/spring-beans.xsd 	http://www.springframework.org/schema/context http://www.springframework.org/schema/context/spring-context.xsd 	http://www.springframework.org/schema/oxm http://www.springframework.org/schema/oxm/spring-oxm.xsd">	<context:annotation-config />	<context:component-scan base-package="com.cn.junjun.sample.jasper.report" />		<context:property-placeholder location="classpath:report.properties" />		<oxm:jaxb2-marshaller id="jaxb2">		<oxm:class-to-be-bound name="com.cn.junjun.sample.jasper.report.model.Members" />	</oxm:jaxb2-marshaller></beans>